[2021-08-26 12:48:03] [ INFO ] [OdontologoDaoH2:30] entre al try
[2021-08-26 12:51:03] [ INFO ] [OdontologoDaoH2:30] entre al try
[2021-08-26 12:51:47] [ INFO ] [OdontologoDaoH2:30] entre al try
[2021-08-26 12:53:48] [ INFO ] [OdontologoDaoH2:30] entre al try
[2021-08-26 13:12:16] [ INFO ] [OdontologoDaoH2:32] agregar el odontologo: Odontologo{matricula=123, nombre='PruebaNombre01', apellido='PruebaApellido01'}
[2021-08-26 13:12:16] [ INFO ] [OdontologoDaoH2:32] agregar el odontologo: Odontologo{matricula=345, nombre='PruebaNombre02', apellido='PruebaApellido02'}
[2021-08-26 13:12:16] [ INFO ] [OdontologoDaoH2:32] agregar el odontologo: Odontologo{matricula=678, nombre='PruebaNombre03', apellido='PruebaApellido03'}
[2021-08-26 13:12:16] [ INFO ] [OdontologoDaoH2:47] entre al try
[2021-08-26 13:12:16] [ INFO ] [OdontologoDaoH2:53] La lista de Ods son: [Odontologo{matricula=123, nombre='PruebaNombre01', apellido='PruebaApellido01'}, Odontologo{matricula=345, nombre='PruebaNombre02', apellido='PruebaApellido02'}, Odontologo{matricula=678, nombre='PruebaNombre03', apellido='PruebaApellido03'}]
[2021-08-26 13:13:13] [ INFO ] [OdontologoDaoH2:32] agregar el odontologo: Odontologo{matricula=123, nombre='PruebaNombre01', apellido='PruebaApellido01'}
[2021-08-26 13:13:13] [ INFO ] [OdontologoDaoH2:32] agregar el odontologo: Odontologo{matricula=345, nombre='PruebaNombre02', apellido='PruebaApellido02'}
[2021-08-26 13:13:13] [ INFO ] [OdontologoDaoH2:32] agregar el odontologo: Odontologo{matricula=678, nombre='PruebaNombre03', apellido='PruebaApellido03'}
[2021-08-26 13:13:13] [ INFO ] [OdontologoDaoH2:47] La lista de datoes es:
[2021-08-26 13:13:13] [ INFO ] [OdontologoDaoH2:53] La lista de Ods son: [Odontologo{matricula=123, nombre='PruebaNombre01', apellido='PruebaApellido01'}, Odontologo{matricula=345, nombre='PruebaNombre02', apellido='PruebaApellido02'}, Odontologo{matricula=678, nombre='PruebaNombre03', apellido='PruebaApellido03'}]
[2021-08-26 13:13:13] [ INFO ] [OdontologoDaoH2:66] Mostrando datos
[2021-08-26 13:14:05] [ INFO ] [OdontologoDaoH2:32] agregar el odontologo: Odontologo{matricula=123, nombre='PruebaNombre01', apellido='PruebaApellido01'}
[2021-08-26 13:14:05] [ INFO ] [OdontologoDaoH2:32] agregar el odontologo: Odontologo{matricula=345, nombre='PruebaNombre02', apellido='PruebaApellido02'}
[2021-08-26 13:14:05] [ INFO ] [OdontologoDaoH2:32] agregar el odontologo: Odontologo{matricula=678, nombre='PruebaNombre03', apellido='PruebaApellido03'}
[2021-08-26 13:14:05] [ INFO ] [OdontologoDaoH2:47] La lista de datoes es:
[2021-08-26 13:14:05] [ INFO ] [OdontologoDaoH2:53] La lista de Ods son: [Odontologo{matricula=123, nombre='PruebaNombre01', apellido='PruebaApellido01'}, Odontologo{matricula=345, nombre='PruebaNombre02', apellido='PruebaApellido02'}, Odontologo{matricula=678, nombre='PruebaNombre03', apellido='PruebaApellido03'}]
[2021-08-26 13:14:05] [ INFO ] [OdontologoDaoH2:66] Mostrando datos
[2021-08-26 13:14:33] [ INFO ] [OdontologoDaoH2:32] agregar el odontologo: Odontologo{matricula=123, nombre='PruebaNombre01', apellido='PruebaApellido01'}
[2021-08-26 13:14:33] [ INFO ] [OdontologoDaoH2:32] agregar el odontologo: Odontologo{matricula=345, nombre='PruebaNombre02', apellido='PruebaApellido02'}
[2021-08-26 13:14:33] [ INFO ] [OdontologoDaoH2:32] agregar el odontologo: Odontologo{matricula=678, nombre='PruebaNombre03', apellido='PruebaApellido03'}
[2021-08-26 13:14:33] [ INFO ] [OdontologoDaoH2:47] La lista de datoes es:
[2021-08-26 13:14:33] [ INFO ] [OdontologoDaoH2:53] La lista de Ods son: [Odontologo{matricula=123, nombre='PruebaNombre01', apellido='PruebaApellido01'}, Odontologo{matricula=345, nombre='PruebaNombre02', apellido='PruebaApellido02'}, Odontologo{matricula=678, nombre='PruebaNombre03', apellido='PruebaApellido03'}]
[2021-08-26 13:14:33] [ INFO ] [OdontologoDaoH2:66] Mostrando datos
[2021-08-26 13:14:33] [ ERROR] [OdontologoDaoH2:74] ocurrio un error
org.h2.jdbc.JdbcSQLNonTransientException: No hay datos disponibles.
No data is available [2000-199]
	at org.h2.message.DbException.getJdbcSQLException(DbException.java:447)
	at org.h2.message.DbException.getJdbcSQLException(DbException.java:427)
	at org.h2.message.DbException.get(DbException.java:205)
	at org.h2.message.DbException.get(DbException.java:181)
	at org.h2.message.DbException.get(DbException.java:170)
	at org.h2.jdbc.JdbcResultSet.checkOnValidRow(JdbcResultSet.java:3258)
	at org.h2.jdbc.JdbcResultSet.get(JdbcResultSet.java:3271)
	at org.h2.jdbc.JdbcResultSet.get(JdbcResultSet.java:3288)
	at org.h2.jdbc.JdbcResultSet.getInt(JdbcResultSet.java:350)
	at com.company.Dao.Imple.OdontologoDaoH2.mostrarDatos(OdontologoDaoH2.java:69)
	at com.company.Service.OdontoService.mostrarDatos(OdontoService.java:16)
	at com.company.Main.main(Main.java:19)
[2021-08-26 13:15:11] [ INFO ] [OdontologoDaoH2:32] agregar el odontologo: Odontologo{matricula=123, nombre='PruebaNombre01', apellido='PruebaApellido01'}
[2021-08-26 13:15:11] [ INFO ] [OdontologoDaoH2:32] agregar el odontologo: Odontologo{matricula=345, nombre='PruebaNombre02', apellido='PruebaApellido02'}
[2021-08-26 13:15:11] [ INFO ] [OdontologoDaoH2:32] agregar el odontologo: Odontologo{matricula=678, nombre='PruebaNombre03', apellido='PruebaApellido03'}
[2021-08-26 13:15:11] [ INFO ] [OdontologoDaoH2:47] La lista de datoes es:
[2021-08-26 13:15:11] [ INFO ] [OdontologoDaoH2:53] La lista de Ods son: [Odontologo{matricula=123, nombre='PruebaNombre01', apellido='PruebaApellido01'}, Odontologo{matricula=345, nombre='PruebaNombre02', apellido='PruebaApellido02'}, Odontologo{matricula=678, nombre='PruebaNombre03', apellido='PruebaApellido03'}]
[2021-08-26 13:15:11] [ INFO ] [OdontologoDaoH2:66] Mostrando datos
[2021-08-26 13:15:58] [ INFO ] [OdontologoDaoH2:32] agregar el odontologo: Odontologo{matricula=123, nombre='PruebaNombre01', apellido='PruebaApellido01'}
[2021-08-26 13:15:58] [ INFO ] [OdontologoDaoH2:32] agregar el odontologo: Odontologo{matricula=345, nombre='PruebaNombre02', apellido='PruebaApellido02'}
[2021-08-26 13:15:58] [ INFO ] [OdontologoDaoH2:32] agregar el odontologo: Odontologo{matricula=678, nombre='PruebaNombre03', apellido='PruebaApellido03'}
[2021-08-26 13:15:58] [ INFO ] [OdontologoDaoH2:47] La lista de datoes es:
[2021-08-26 13:15:58] [ INFO ] [OdontologoDaoH2:53] La lista de Ods son: [Odontologo{matricula=123, nombre='PruebaNombre01', apellido='PruebaApellido01'}, Odontologo{matricula=345, nombre='PruebaNombre02', apellido='PruebaApellido02'}, Odontologo{matricula=678, nombre='PruebaNombre03', apellido='PruebaApellido03'}]
[2021-08-26 13:15:58] [ DEBUG] [OdontoServiceTest:24] 3
[2021-08-26 13:15:58] [ INFO ] [OdontologoDaoH2:47] La lista de datoes es:
[2021-08-26 13:15:58] [ INFO ] [OdontologoDaoH2:53] La lista de Ods son: [Odontologo{matricula=123, nombre='PruebaNombre01', apellido='PruebaApellido01'}, Odontologo{matricula=345, nombre='PruebaNombre02', apellido='PruebaApellido02'}, Odontologo{matricula=678, nombre='PruebaNombre03', apellido='PruebaApellido03'}]
[2021-08-26 13:18:53] [ INFO ] [OdontologoDaoH2:32] agregar el odontologo: Odontologo{matricula=123, nombre='PruebaNombre01', apellido='PruebaApellido01'}
[2021-08-26 13:18:53] [ INFO ] [OdontologoDaoH2:32] agregar el odontologo: Odontologo{matricula=345, nombre='PruebaNombre02', apellido='PruebaApellido02'}
[2021-08-26 13:18:53] [ INFO ] [OdontologoDaoH2:32] agregar el odontologo: Odontologo{matricula=678, nombre='PruebaNombre03', apellido='PruebaApellido03'}
[2021-08-26 13:18:53] [ INFO ] [OdontologoDaoH2:47] La lista de datoes es:
[2021-08-26 13:18:53] [ INFO ] [OdontologoDaoH2:53] La lista de Ods son: [Odontologo{matricula=123, nombre='PruebaNombre01', apellido='PruebaApellido01'}, Odontologo{matricula=345, nombre='PruebaNombre02', apellido='PruebaApellido02'}, Odontologo{matricula=678, nombre='PruebaNombre03', apellido='PruebaApellido03'}]
[2021-08-26 13:18:53] [ DEBUG] [OdontoServiceTest:24] 3
[2021-08-26 13:18:53] [ INFO ] [OdontologoDaoH2:47] La lista de datoes es:
[2021-08-26 13:18:53] [ INFO ] [OdontologoDaoH2:53] La lista de Ods son: [Odontologo{matricula=123, nombre='PruebaNombre01', apellido='PruebaApellido01'}, Odontologo{matricula=345, nombre='PruebaNombre02', apellido='PruebaApellido02'}, Odontologo{matricula=678, nombre='PruebaNombre03', apellido='PruebaApellido03'}]
[2021-08-26 13:19:06] [ INFO ] [OdontologoDaoH2:32] agregar el odontologo: Odontologo{matricula=123, nombre='PruebaNombre01', apellido='PruebaApellido01'}
[2021-08-26 13:19:06] [ INFO ] [OdontologoDaoH2:32] agregar el odontologo: Odontologo{matricula=345, nombre='PruebaNombre02', apellido='PruebaApellido02'}
[2021-08-26 13:19:06] [ INFO ] [OdontologoDaoH2:32] agregar el odontologo: Odontologo{matricula=678, nombre='PruebaNombre03', apellido='PruebaApellido03'}
[2021-08-26 13:19:06] [ INFO ] [OdontologoDaoH2:47] La lista de datoes es:
[2021-08-26 13:19:06] [ INFO ] [OdontologoDaoH2:53] La lista de Ods son: [Odontologo{matricula=123, nombre='PruebaNombre01', apellido='PruebaApellido01'}, Odontologo{matricula=345, nombre='PruebaNombre02', apellido='PruebaApellido02'}, Odontologo{matricula=678, nombre='PruebaNombre03', apellido='PruebaApellido03'}]
[2021-08-26 13:19:06] [ INFO ] [OdontologoDaoH2:66] Mostrando datos
